  main.cpp
C:\Users\syado\OneDrive\デスクトップ\MT3\MT3-01-00\MT3_01_00\main.cpp(9,16): error C2011: 'Vector3': 'struct' 型の再定義
  C:\Users\syado\OneDrive\デスクトップ\MT3\MT3-01-00\MT3_01_00\mathFunction.h(3,8):
  'Vector3' の宣言を確認してください
  
C:\Users\syado\OneDrive\デスクトップ\MT3\MT3-01-00\MT3_01_00\main.cpp(14,18): error C2011: 'Matrix4x4': 'struct' 型の再定義
  C:\Users\syado\OneDrive\デスクトップ\MT3\MT3-01-00\MT3_01_00\mathFunction.h(8,8):
  'Matrix4x4' の宣言を確認してください
  
C:\Users\syado\OneDrive\デスクトップ\MT3\MT3-01-00\MT3_01_00\main.cpp(28,10): error C2079: 'worldScale' が 未定義の struct 'Vector3' で使用しています。
C:\Users\syado\OneDrive\デスクトップ\MT3\MT3-01-00\MT3_01_00\main.cpp(28,23): error C2440: '初期化中': 'initializer list' から 'int' に変換できません。
  C:\Users\syado\OneDrive\デスクトップ\MT3\MT3-01-00\MT3_01_00\main.cpp(28,23):
  初期化子に含まれている要素が多すぎます
  
C:\Users\syado\OneDrive\デスクトップ\MT3\MT3-01-00\MT3_01_00\main.cpp(29,10): error C2079: 'worldRotate' が 未定義の struct 'Vector3' で使用しています。
C:\Users\syado\OneDrive\デスクトップ\MT3\MT3-01-00\MT3_01_00\main.cpp(29,24): error C2440: '初期化中': 'initializer list' から 'int' に変換できません。
  C:\Users\syado\OneDrive\デスクトップ\MT3\MT3-01-00\MT3_01_00\main.cpp(29,24):
  初期化子に含まれている要素が多すぎます
  
C:\Users\syado\OneDrive\デスクトップ\MT3\MT3-01-00\MT3_01_00\main.cpp(30,10): error C2079: 'worldTranslate' が 未定義の struct 'Vector3' で使用しています。
C:\Users\syado\OneDrive\デスクトップ\MT3\MT3-01-00\MT3_01_00\main.cpp(30,27): error C2440: '初期化中': 'initializer list' から 'int' に変換できません。
  C:\Users\syado\OneDrive\デスクトップ\MT3\MT3-01-00\MT3_01_00\main.cpp(30,27):
  初期化子に含まれている要素が多すぎます
  
C:\Users\syado\OneDrive\デスクトップ\MT3\MT3-01-00\MT3_01_00\main.cpp(32,10): error C2079: 'cameraScale' が 未定義の struct 'Vector3' で使用しています。
C:\Users\syado\OneDrive\デスクトップ\MT3\MT3-01-00\MT3_01_00\main.cpp(32,24): error C2440: '初期化中': 'initializer list' から 'int' に変換できません。
  C:\Users\syado\OneDrive\デスクトップ\MT3\MT3-01-00\MT3_01_00\main.cpp(32,24):
  初期化子に含まれている要素が多すぎます
  
C:\Users\syado\OneDrive\デスクトップ\MT3\MT3-01-00\MT3_01_00\main.cpp(33,10): error C2079: 'cameraRotate' が 未定義の struct 'Vector3' で使用しています。
C:\Users\syado\OneDrive\デスクトップ\MT3\MT3-01-00\MT3_01_00\main.cpp(33,25): error C2440: '初期化中': 'initializer list' から 'int' に変換できません。
  C:\Users\syado\OneDrive\デスクトップ\MT3\MT3-01-00\MT3_01_00\main.cpp(33,25):
  初期化子に含まれている要素が多すぎます
  
C:\Users\syado\OneDrive\デスクトップ\MT3\MT3-01-00\MT3_01_00\main.cpp(34,10): error C2079: 'cameraPosition' が 未定義の struct 'Vector3' で使用しています。
C:\Users\syado\OneDrive\デスクトップ\MT3\MT3-01-00\MT3_01_00\main.cpp(34,27): error C2440: '初期化中': 'initializer list' から 'int' に変換できません。
  C:\Users\syado\OneDrive\デスクトップ\MT3\MT3-01-00\MT3_01_00\main.cpp(34,27):
  初期化子に含まれている要素が多すぎます
  
C:\Users\syado\OneDrive\デスクトップ\MT3\MT3-01-00\MT3_01_00\main.cpp(46,12): error C2079: 'worldMatrix' が 未定義の struct 'Matrix4x4' で使用しています。
C:\Users\syado\OneDrive\デスクトップ\MT3\MT3-01-00\MT3_01_00\main.cpp(46,26): error C2664: 'Matrix4x4 MakeAffineMatrix(const Vector3 &,const Vector3 &,const Vector3 &)': 引数 1 を 'int' から 'const Vector3 &' へ変換できません。
  C:\Users\syado\OneDrive\デスクトップ\MT3\MT3-01-00\MT3_01_00\main.cpp(46,43):
  理由: 'int' から 'const Vector3' へは変換できません。
  C:\Users\syado\OneDrive\デスクトップ\MT3\MT3-01-00\MT3_01_00\main.cpp(46,43):
  認識できない型 'Vector3' が使われています。
  C:\Users\syado\OneDrive\デスクトップ\MT3\MT3-01-00\MT3_01_00\mathFunction.h(3,8):
  'Vector3' の宣言を確認してください
  C:\Users\syado\OneDrive\デスクトップ\MT3\MT3-01-00\MT3_01_00\mathFunction.h(28,11):
  'MakeAffineMatrix' の宣言を確認してください
  C:\Users\syado\OneDrive\デスクトップ\MT3\MT3-01-00\MT3_01_00\main.cpp(46,26):
  引数リスト '(int, int, int)' を一致させようとしているとき
  
C:\Users\syado\OneDrive\デスクトップ\MT3\MT3-01-00\MT3_01_00\main.cpp(46,24): error C2027: 認識できない型 'Matrix4x4' が使われています。
  C:\Users\syado\OneDrive\デスクトップ\MT3\MT3-01-00\MT3_01_00\mathFunction.h(8,8):
  'Matrix4x4' の宣言を確認してください
  
C:\Users\syado\OneDrive\デスクトップ\MT3\MT3-01-00\MT3_01_00\main.cpp(47,12): error C2079: 'cameraMatrix' が 未定義の struct 'Matrix4x4' で使用しています。
C:\Users\syado\OneDrive\デスクトップ\MT3\MT3-01-00\MT3_01_00\main.cpp(47,27): error C2664: 'Matrix4x4 MakeAffineMatrix(const Vector3 &,const Vector3 &,const Vector3 &)': 引数 1 を 'int' から 'const Vector3 &' へ変換できません。
  C:\Users\syado\OneDrive\デスクトップ\MT3\MT3-01-00\MT3_01_00\main.cpp(47,44):
  理由: 'int' から 'const Vector3' へは変換できません。
  C:\Users\syado\OneDrive\デスクトップ\MT3\MT3-01-00\MT3_01_00\main.cpp(47,44):
  認識できない型 'Vector3' が使われています。
  C:\Users\syado\OneDrive\デスクトップ\MT3\MT3-01-00\MT3_01_00\mathFunction.h(3,8):
  'Vector3' の宣言を確認してください
  C:\Users\syado\OneDrive\デスクトップ\MT3\MT3-01-00\MT3_01_00\mathFunction.h(28,11):
  'MakeAffineMatrix' の宣言を確認してください
  C:\Users\syado\OneDrive\デスクトップ\MT3\MT3-01-00\MT3_01_00\main.cpp(47,27):
  引数リスト '(int, int, int)' を一致させようとしているとき
  
C:\Users\syado\OneDrive\デスクトップ\MT3\MT3-01-00\MT3_01_00\main.cpp(47,25): error C2027: 認識できない型 'Matrix4x4' が使われています。
  C:\Users\syado\OneDrive\デスクトップ\MT3\MT3-01-00\MT3_01_00\mathFunction.h(8,8):
  'Matrix4x4' の宣言を確認してください
  
C:\Users\syado\OneDrive\デスクトップ\MT3\MT3-01-00\MT3_01_00\main.cpp(48,12): error C2079: 'viewMatrix' が 未定義の struct 'Matrix4x4' で使用しています。
C:\Users\syado\OneDrive\デスクトップ\MT3\MT3-01-00\MT3_01_00\main.cpp(48,25): error C2664: 'Matrix4x4 Inverse(const Matrix4x4 &)': 引数 1 を 'int' から 'const Matrix4x4 &' へ変換できません。
  C:\Users\syado\OneDrive\デスクトップ\MT3\MT3-01-00\MT3_01_00\main.cpp(48,33):
  理由: 'int' から 'const Matrix4x4' へは変換できません。
  C:\Users\syado\OneDrive\デスクトップ\MT3\MT3-01-00\MT3_01_00\main.cpp(48,33):
  認識できない型 'Matrix4x4' が使われています。
  C:\Users\syado\OneDrive\デスクトップ\MT3\MT3-01-00\MT3_01_00\mathFunction.h(8,8):
  'Matrix4x4' の宣言を確認してください
  C:\Users\syado\OneDrive\デスクトップ\MT3\MT3-01-00\MT3_01_00\mathFunction.h(18,11):
  'Inverse' の宣言を確認してください
  C:\Users\syado\OneDrive\デスクトップ\MT3\MT3-01-00\MT3_01_00\main.cpp(48,25):
  引数リスト '(int)' を一致させようとしているとき
  
C:\Users\syado\OneDrive\デスクトップ\MT3\MT3-01-00\MT3_01_00\main.cpp(48,23): error C2027: 認識できない型 'Matrix4x4' が使われています。
  C:\Users\syado\OneDrive\デスクトップ\MT3\MT3-01-00\MT3_01_00\mathFunction.h(8,8):
  'Matrix4x4' の宣言を確認してください
  
C:\Users\syado\OneDrive\デスクトップ\MT3\MT3-01-00\MT3_01_00\main.cpp(49,12): error C2079: 'projectionMatrix' が 未定義の struct 'Matrix4x4' で使用しています。
C:\Users\syado\OneDrive\デスクトップ\MT3\MT3-01-00\MT3_01_00\main.cpp(49,31): error C2027: 認識できない型 'Matrix4x4' が使われています。
  C:\Users\syado\OneDrive\デスクトップ\MT3\MT3-01-00\MT3_01_00\mathFunction.h(8,8):
  'Matrix4x4' の宣言を確認してください
  
C:\Users\syado\OneDrive\デスクトップ\MT3\MT3-01-00\MT3_01_00\main.cpp(49,29): error C2027: 認識できない型 'Matrix4x4' が使われています。
  C:\Users\syado\OneDrive\デスクトップ\MT3\MT3-01-00\MT3_01_00\mathFunction.h(8,8):
  'Matrix4x4' の宣言を確認してください
  
C:\Users\syado\OneDrive\デスクトップ\MT3\MT3-01-00\MT3_01_00\main.cpp(50,12): error C2079: 'worldViewProjectionMatrix' が 未定義の struct 'Matrix4x4' で使用しています。
C:\Users\syado\OneDrive\デスクトップ\MT3\MT3-01-00\MT3_01_00\main.cpp(50,62): error C2664: 'Matrix4x4 Multiply(const Matrix4x4 &,const Matrix4x4 &)': 引数 1 を 'int' から 'const Matrix4x4 &' へ変換できません。
  C:\Users\syado\OneDrive\デスクトップ\MT3\MT3-01-00\MT3_01_00\main.cpp(50,71):
  理由: 'int' から 'const Matrix4x4' へは変換できません。
  C:\Users\syado\OneDrive\デスクトップ\MT3\MT3-01-00\MT3_01_00\main.cpp(50,71):
  認識できない型 'Matrix4x4' が使われています。
  C:\Users\syado\OneDrive\デスクトップ\MT3\MT3-01-00\MT3_01_00\mathFunction.h(8,8):
  'Matrix4x4' の宣言を確認してください
  C:\Users\syado\OneDrive\デスクトップ\MT3\MT3-01-00\MT3_01_00\mathFunction.h(15,11):
  'Multiply' の宣言を確認してください
  C:\Users\syado\OneDrive\デスクトップ\MT3\MT3-01-00\MT3_01_00\main.cpp(50,62):
  引数リスト '(int, int)' を一致させようとしているとき
  
C:\Users\syado\OneDrive\デスクトップ\MT3\MT3-01-00\MT3_01_00\main.cpp(51,12): error C2079: 'viewportMatrix' が 未定義の struct 'Matrix4x4' で使用しています。
C:\Users\syado\OneDrive\デスクトップ\MT3\MT3-01-00\MT3_01_00\main.cpp(51,29): error C2027: 認識できない型 'Matrix4x4' が使われています。
  C:\Users\syado\OneDrive\デスクトップ\MT3\MT3-01-00\MT3_01_00\mathFunction.h(8,8):
  'Matrix4x4' の宣言を確認してください
  
C:\Users\syado\OneDrive\デスクトップ\MT3\MT3-01-00\MT3_01_00\main.cpp(51,27): error C2027: 認識できない型 'Matrix4x4' が使われています。
  C:\Users\syado\OneDrive\デスクトップ\MT3\MT3-01-00\MT3_01_00\mathFunction.h(8,8):
  'Matrix4x4' の宣言を確認してください
  
C:\Users\syado\OneDrive\デスクトップ\MT3\MT3-01-00\MT3_01_00\main.cpp(54,16): error C2079: 'kLocalVertices' が 未定義の struct 'Vector3' で使用しています。
C:\Users\syado\OneDrive\デスクトップ\MT3\MT3-01-00\MT3_01_00\main.cpp(55,10): error C2079: 'screenVertices' が 未定義の struct 'Vector3' で使用しています。
C:\Users\syado\OneDrive\デスクトップ\MT3\MT3-01-00\MT3_01_00\main.cpp(57,11): error C2079: 'ndcVertex' が 未定義の struct 'Vector3' で使用しています。
C:\Users\syado\OneDrive\デスクトップ\MT3\MT3-01-00\MT3_01_00\main.cpp(57,49): error C2109: 配列または、ポインターでない変数に添字が使われました。
C:\Users\syado\OneDrive\デスクトップ\MT3\MT3-01-00\MT3_01_00\main.cpp(58,19): error C2109: 配列または、ポインターでない変数に添字が使われました。
C:\Users\syado\OneDrive\デスクトップ\MT3\MT3-01-00\MT3_01_00\main.cpp(58,23): error C2664: 'Vector3 Transform(const Vector3 &,const Matrix4x4 &)': 引数 1 を 'int' から 'const Vector3 &' へ変換できません。
  C:\Users\syado\OneDrive\デスクトップ\MT3\MT3-01-00\MT3_01_00\main.cpp(58,33):
  理由: 'int' から 'const Vector3' へは変換できません。
  C:\Users\syado\OneDrive\デスクトップ\MT3\MT3-01-00\MT3_01_00\main.cpp(58,33):
  認識できない型 'Vector3' が使われています。
  C:\Users\syado\OneDrive\デスクトップ\MT3\MT3-01-00\MT3_01_00\mathFunction.h(3,8):
  'Vector3' の宣言を確認してください
  C:\Users\syado\OneDrive\デスクトップ\MT3\MT3-01-00\MT3_01_00\mathFunction.h(35,9):
  'Transform' の宣言を確認してください
  C:\Users\syado\OneDrive\デスクトップ\MT3\MT3-01-00\MT3_01_00\main.cpp(58,23):
  引数リスト '(int, int)' を一致させようとしているとき
  
